<?xml version="1.0" encoding="UTF-8"?>
<!-- Generated by org.testng.reporters.JUnitReportReporter -->
<testsuite hostname="DESKTOP-LL1B83L" failures="0" tests="4" name="Medanta_Form.HomeCare" time="24.713" errors="0" timestamp="2025-06-17T14:54:54 IST" skipped="0">
  <testcase classname="Medanta_Form.HomeCare" name="TC_02" time="0.773"/>
  <system-out/>
  <testcase classname="Medanta_Form.HomeCare" name="TC_01" time="8.381"/>
  <system-out/>
  <testcase classname="Medanta_Form.HomeCare" name="TC_03" time="7.715"/>
  <system-out/>
  <testcase classname="Medanta_Form.HomeCare" name="TC_04" time="7.844"/>
  <system-out/>
</testsuite> <!-- Medanta_Form.HomeCare -->
