<?xml version="1.0" encoding="UTF-8"?>
<!-- Generated by org.testng.reporters.JUnitReportReporter -->
<testsuite hostname="DESKTOP-LL1B83L" failures="0" tests="3" name="Medanta_Form.ElderCare" time="43.783" errors="0" timestamp="2025-06-18T17:02:24 IST" skipped="0">
  <testcase classname="Medanta_Form.ElderCare" name="TC_01" time="8.560"/>
  <system-out/>
  <testcase classname="Medanta_Form.ElderCare" name="TC_03" time="16.621"/>
  <system-out/>
  <testcase classname="Medanta_Form.ElderCare" name="TC_02" time="18.602"/>
  <system-out/>
</testsuite> <!-- Medanta_Form.ElderCare -->
