<?xml version="1.0" encoding="UTF-8"?>
<!-- Generated by org.testng.reporters.JUnitReportReporter -->
<testsuite hostname="DESKTOP-LL1B83L" failures="0" tests="3" name="Medanta_Form.RequestACallback" time="28.269" errors="0" timestamp="2025-06-18T16:57:32 IST" skipped="0">
  <testcase classname="Medanta_Form.RequestACallback" name="Health_Checkup" time="15.976"/>
  <system-out/>
  <testcase classname="Medanta_Form.RequestACallback" name="Telemedicine" time="7.240"/>
  <system-out/>
  <testcase classname="Medanta_Form.RequestACallback" name="Air_Ambulance" time="5.053"/>
  <system-out/>
</testsuite> <!-- Medanta_Form.RequestACallback -->
