<?xml version="1.0" encoding="UTF-8"?>
<!-- Generated by org.testng.reporters.JUnitReportReporter -->
<testsuite hostname="DESKTOP-LL1B83L" failures="0" tests="1" name="Medanta_Form.TreatmentD" time="7.791" errors="0" timestamp="2025-06-18T16:57:32 IST" skipped="0">
  <testcase classname="Medanta_Form.TreatmentD" name="TC_01" time="7.791"/>
  <system-out/>
</testsuite> <!-- Medanta_Form.TreatmentD -->
