<?xml version="1.0" encoding="UTF-8"?>
<!-- Generated by org.testng.reporters.JUnitReportReporter -->
<testsuite hostname="DESKTOP-LL1B83L" failures="0" tests="4" name="Medanta_Form.HomeCare" time="25.852" errors="0" timestamp="2025-06-18T16:57:32 IST" skipped="0">
  <testcase classname="Medanta_Form.HomeCare" name="TC_01" time="7.119"/>
  <system-out/>
  <testcase classname="Medanta_Form.HomeCare" name="TC_03" time="8.252"/>
  <system-out/>
  <testcase classname="Medanta_Form.HomeCare" name="TC_02" time="0.991"/>
  <system-out/>
  <testcase classname="Medanta_Form.HomeCare" name="TC_04" time="9.490"/>
  <system-out/>
</testsuite> <!-- Medanta_Form.HomeCare -->
