<?xml version="1.0" encoding="UTF-8"?>
<!-- Generated by org.testng.reporters.JUnitReportReporter -->
<testsuite hostname="DESKTOP-LL1B83L" failures="0" tests="2" name="Medanta_Form.BuyMedicine" time="9.515" errors="0" timestamp="2025-06-18T16:57:32 IST" skipped="0">
  <testcase classname="Medanta_Form.BuyMedicine" name="TC_01" time="8.507"/>
  <system-out/>
  <testcase classname="Medanta_Form.BuyMedicine" name="TC_02" time="1.008"/>
  <system-out/>
</testsuite> <!-- Medanta_Form.BuyMedicine -->
