<?xml version="1.0" encoding="UTF-8"?>
<!-- Generated by org.testng.reporters.JUnitReportReporter -->
<testsuite hostname="DESKTOP-LL1B83L" failures="0" tests="1" name="Medanta_Form.InternationalP" time="10.420" errors="0" timestamp="2025-06-18T16:57:32 IST" skipped="0">
  <testcase classname="Medanta_Form.InternationalP" name="TC_01" time="10.420"/>
  <system-out/>
</testsuite> <!-- Medanta_Form.InternationalP -->
