<?xml version="1.0" encoding="UTF-8"?>
<!-- Generated by org.testng.reporters.JUnitReportReporter -->
<testsuite hostname="DESKTOP-LL1B83L" failures="0" tests="3" name="Medanta_Form.CareerJob" time="25.546" errors="0" timestamp="2025-06-17T14:54:54 IST" skipped="0">
  <testcase classname="Medanta_Form.CareerJob" name="TC_01" time="6.877"/>
  <system-out/>
  <testcase classname="Medanta_Form.CareerJob" name="TC_02" time="5.634"/>
  <system-out/>
  <testcase classname="Medanta_Form.CareerJob" name="TC_03" time="13.035"/>
  <system-out/>
</testsuite> <!-- Medanta_Form.CareerJob -->
