<?xml version="1.0" encoding="UTF-8"?>
<!-- Generated by org.testng.reporters.JUnitReportReporter -->
<testsuite hostname="DESKTOP-LL1B83L" failures="0" tests="2" name="Medanta_Form.BuyMedicine" time="7.861" errors="0" timestamp="2025-06-17T14:54:54 IST" skipped="0">
  <testcase classname="Medanta_Form.BuyMedicine" name="TC_01" time="7.228"/>
  <system-out/>
  <testcase classname="Medanta_Form.BuyMedicine" name="TC_02" time="0.633"/>
  <system-out/>
</testsuite> <!-- Medanta_Form.BuyMedicine -->
