<?xml version="1.0" encoding="UTF-8"?>
<!-- Generated by org.testng.reporters.JUnitReportReporter -->
<testsuite hostname="DESKTOP-LL1B83L" failures="0" tests="3" name="Medanta_Form.ContactUs" time="46.050" errors="0" timestamp="2025-06-18T16:57:32 IST" skipped="0">
  <testcase classname="Medanta_Form.ContactUs" name="Enquiry" time="9.274"/>
  <system-out/>
  <testcase classname="Medanta_Form.ContactUs" name="Feedback" time="18.222"/>
  <system-out/>
  <testcase classname="Medanta_Form.ContactUs" name="Others" time="18.554"/>
  <system-out/>
</testsuite> <!-- Medanta_Form.ContactUs -->
