<?xml version="1.0" encoding="UTF-8"?>
<!-- Generated by org.testng.reporters.JUnitReportReporter -->
<testsuite hostname="DESKTOP-LL1B83L" failures="0" tests="1" name="Medanta_Form.Testabcd" time="0.007" errors="0" timestamp="2025-06-16T17:26:38 IST" skipped="0">
  <testcase classname="Medanta_Form.Testabcd" name="testMethod" time="0.007"/>
  <system-out/>
</testsuite> <!-- Medanta_Form.Testabcd -->
