<?xml version="1.0" encoding="UTF-8"?>
<!-- Generated by org.testng.reporters.JUnitReportReporter -->
<testsuite hostname="DESKTOP-LL1B83L" failures="0" tests="1" name="Medanta_Form.SecondOpiniun" time="11.645" errors="0" timestamp="2025-06-17T14:54:54 IST" skipped="0">
  <testcase classname="Medanta_Form.SecondOpiniun" name="TC_01" time="11.645"/>
  <system-out/>
</testsuite> <!-- Medanta_Form.SecondOpiniun -->
