<?xml version="1.0" encoding="UTF-8"?>
<!-- Generated by org.testng.reporters.JUnitReportReporter -->
<testsuite hostname="DESKTOP-LL1B83L" failures="0" tests="3" name="Medanta_Form.RequestACallback" time="21.409" errors="0" timestamp="2025-06-17T14:54:54 IST" skipped="0">
  <testcase classname="Medanta_Form.RequestACallback" name="Air_Ambulance" time="5.209"/>
  <system-out/>
  <testcase classname="Medanta_Form.RequestACallback" name="Health_Checkup" time="9.269"/>
  <system-out/>
  <testcase classname="Medanta_Form.RequestACallback" name="Telemedicine" time="6.931"/>
  <system-out/>
</testsuite> <!-- Medanta_Form.RequestACallback -->
